[2017-01-31 12:11:11] START
[2017-01-31 12:12:09] EDIT QuickMeet/controllers/default.py: 0
[2017-01-31 12:15:11] EDIT QuickMeet/views/default/index.html: -15
[2017-01-31 15:45:25] EDIT QuickMeet/views/default/index.html: 1
[2017-01-31 15:46:26] EDIT QuickMeet/models/menu.py: 0
[2017-01-31 15:46:39] EDIT QuickMeet/models/menu.py: 0
[2017-01-31 15:46:40] EDIT QuickMeet/models/menu.py: 0
[2017-01-31 15:46:40] EDIT QuickMeet/models/menu.py: 0
[2017-01-31 15:46:41] EDIT QuickMeet/models/menu.py: 0
[2017-01-31 15:46:41] EDIT QuickMeet/models/menu.py: 0
[2017-01-31 15:47:05] EDIT QuickMeet/models/menu.py: 0
[2017-01-31 15:47:43] EDIT QuickMeet/models/menu.py: 0
[2017-01-31 15:48:44] EDIT QuickMeet/models/menu.py: 0
[2017-01-31 21:57:48] EDIT QuickMeet/controllers/default.py: 1
[2017-01-31 22:01:09] EDIT QuickMeet/controllers/default.py: 1
[2017-01-31 22:01:51] EDIT QuickMeet/controllers/default.py: 0
[2017-01-31 22:06:47] EDIT QuickMeet/controllers/default.py: 0
[2017-01-31 22:09:39] DELETE QuickMeet/views/default/README.md: -5
[2017-01-31 22:13:23] EDIT QuickMeet/controllers/default.py: 1
[2017-01-31 22:15:00] EDIT QuickMeet/controllers/default.py: 1
[2017-01-31 22:16:59] EDIT QuickMeet/controllers/default.py: 1
[2017-01-31 22:17:14] EDIT QuickMeet/controllers/default.py: 0
[2017-01-31 22:19:24] EDIT QuickMeet/views/default/index.html: 46
[2017-01-31 22:19:53] EDIT QuickMeet/views/default/index.html: 51
[2017-01-31 22:20:16] EDIT QuickMeet/views/default/index.html: 0
[2017-01-31 22:21:14] EDIT QuickMeet/views/default/index.html: -97
[2017-01-31 22:21:30] EDIT QuickMeet/views/default/index.html: 0
[2017-01-31 22:24:00] EDIT QuickMeet/views/default/index.html: 0
[2017-01-31 22:27:38] EDIT QuickMeet/views/default/index.html: 3
[2017-01-31 22:29:25] EDIT QuickMeet/views/default/index.html: 0
[2017-01-31 22:30:53] EDIT QuickMeet/views/default/index.html: 0
[2017-01-31 22:31:16] EDIT QuickMeet/views/default/index.html: -3
[2017-01-31 22:32:07] EDIT QuickMeet/views/default/index.html: -7
[2017-01-31 22:35:27] EDIT QuickMeet/controllers/default.py: -3
[2017-01-31 22:35:33] EDIT QuickMeet/controllers/default.py: 0
[2017-01-31 22:35:36] EDIT QuickMeet/views/default/index.html: 0
[2017-01-31 22:36:03] EDIT QuickMeet/views/default/index.html: 1
[2017-01-31 22:36:17] EDIT QuickMeet/views/default/index.html: -1
[2017-01-31 22:37:15] EDIT QuickMeet/views/layout.html: 0
[2017-01-31 22:37:35] EDIT QuickMeet/views/default/index.html: -1
[2017-01-31 22:38:02] EDIT QuickMeet/views/default/index.html: 0
[2017-01-31 22:38:29] EDIT QuickMeet/views/default/index.html: 1
[2017-01-31 22:39:41] EDIT QuickMeet/views/default/index.html: -1
[2017-01-31 22:40:11] EDIT QuickMeet/views/default/index.html: -9
[2017-01-31 22:41:12] EDIT QuickMeet/views/default/index.html: 1
[2017-01-31 22:44:45] EDIT QuickMeet/views/default/index.html: 1
[2017-01-31 22:44:59] EDIT QuickMeet/views/default/index.html: -1
[2017-01-31 22:46:10] EDIT QuickMeet/views/default/index.html: 0
[2017-01-31 22:47:07] EDIT QuickMeet/views/default/index.html: 1
[2017-01-31 22:51:17] CREATE db.quick_meet.py: 0
[2017-03-06 15:52:38] EDIT QuickMeet/static/js/CoordinateTracker.js: -1
[2017-03-06 15:54:23] EDIT QuickMeet/static/js/CoordinateTracker.js: 1
[2017-03-06 15:56:50] EDIT QuickMeet/static/js/undo.js: -8
[2017-03-06 15:58:48] EDIT QuickMeet/static/js/undo.js: 0
[2017-03-06 16:00:24] EDIT QuickMeet/static/js/undo.js: 0
[2017-03-06 16:01:11] EDIT QuickMeet/static/js/undo.js: 0
[2017-03-06 16:01:20] EDIT QuickMeet/static/js/undo.js: 0
[2017-03-06 16:02:34] EDIT QuickMeet/static/js/undo.js: 0
[2017-03-06 16:03:58] EDIT QuickMeet/static/js/undo.js: 0
[2017-03-06 16:08:28] EDIT QuickMeet/static/js/undo.js: 0
[2017-03-06 16:10:56] EDIT QuickMeet/controllers/default.py: 0
[2017-03-06 16:11:49] EDIT QuickMeet/controllers/default.py: 0
[2017-03-06 16:11:57] EDIT QuickMeet/controllers/default.py: 0
[2017-03-06 16:12:53] EDIT QuickMeet/controllers/default.py: 0
[2017-03-06 16:13:15] EDIT QuickMeet/controllers/default.py: 0
[2017-03-06 16:13:23] EDIT QuickMeet/controllers/default.py: 0
[2017-03-06 16:13:27] EDIT QuickMeet/controllers/default.py: 0
[2017-03-06 16:13:39] EDIT QuickMeet/controllers/default.py: 0
[2017-03-06 16:15:55] EDIT QuickMeet/controllers/default.py: 0
[2017-03-06 16:15:59] EDIT QuickMeet/controllers/default.py: 0
[2017-03-06 16:16:56] EDIT QuickMeet/controllers/default.py: 0
[2017-03-06 16:17:17] EDIT QuickMeet/controllers/default.py: 0
[2017-03-06 16:37:50] EDIT QuickMeet/views/default/index.html: -2
[2017-03-06 16:38:00] EDIT QuickMeet/views/default/index.html: 2
[2017-03-06 16:41:11] EDIT QuickMeet/static/js/CoordinateTracker.js: -4
[2017-03-06 16:41:37] EDIT QuickMeet/static/js/CoordinateTracker.js: 0
[2017-03-06 16:41:49] EDIT QuickMeet/static/js/CoordinateTracker.js: 0
[2017-03-07 11:33:46] EDIT QuickMeet/static/js/GroupCalendar.js: 4
[2017-03-07 11:34:08] EDIT Quickmeet/controllers/default.py: 0
[2017-03-07 11:34:11] EDIT QuickMeet/static/js/GroupCalendar.js: 0
[2017-03-07 11:35:12] EDIT QuickMeet/static/js/GroupCalendar.js: 1
[2017-03-07 11:40:32] EDIT QuickMeet/static/js/GroupCalendar.js: 0
[2017-03-07 11:41:08] EDIT QuickMeet/static/js/GroupCalendar.js: 0
[2017-03-07 11:42:10] EDIT QuickMeet/static/js/GroupCalendar.js: 0
[2017-03-07 11:42:22] EDIT Quickmeet/controllers/default.py: 0
[2017-03-07 11:43:01] EDIT Quickmeet/controllers/default.py: 2
[2017-03-07 11:43:04] EDIT Quickmeet/controllers/default.py: 0
[2017-03-07 11:43:45] EDIT Quickmeet/controllers/default.py: 1
[2017-03-07 11:43:49] EDIT Quickmeet/controllers/default.py: 1
[2017-03-07 11:45:22] EDIT QuickMeet/static/js/CoordinateTracker.js: 0
[2017-03-07 11:45:27] EDIT QuickMeet/static/js/CoordinateTracker.js: 0
[2017-03-07 11:49:02] EDIT Quickmeet/controllers/default.py: 0
[2017-03-07 11:52:58] EDIT QuickMeet/static/js/GroupCalendar.js: 0
[2017-03-07 11:53:25] EDIT QuickMeet/static/js/GroupCalendar.js: 0
[2017-03-07 11:53:56] EDIT QuickMeet/static/js/GroupCalendar.js: 0
[2017-03-07 11:54:08] EDIT QuickMeet/static/js/GroupCalendar.js: 0
[2017-03-07 11:54:26] EDIT QuickMeet/static/js/GroupCalendar.js: 0
[2017-03-07 11:54:51] EDIT QuickMeet/static/js/GroupCalendar.js: 0
[2017-03-07 12:46:08] EDIT QuickMeet/static/js/GroupCalendar.js: 0
[2017-03-07 12:47:17] EDIT QuickMeet/static/js/GroupCalendar.js: 0
[2017-03-07 12:47:37] EDIT QuickMeet/static/js/GroupCalendar.js: 0
[2017-03-07 12:47:47] EDIT QuickMeet/static/js/GroupCalendar.js: 0
[2017-03-07 12:48:07] EDIT QuickMeet/static/js/GroupCalendar.js: 0
[2017-03-07 12:48:10] EDIT QuickMeet/static/js/GroupCalendar.js: 0
[2017-03-07 12:50:04] EDIT QuickMeet/static/js/GroupCalendar.js: 0
[2017-03-07 12:50:25] EDIT QuickMeet/static/js/GroupCalendar.js: 0
[2017-03-07 12:51:27] EDIT QuickMeet/static/js/GroupCalendar.js: 0
[2017-03-07 12:52:03] EDIT QuickMeet/views/default/group.html: 1
[2017-03-07 12:52:39] EDIT QuickMeet/views/default/group.html: -1
[2017-03-07 12:53:41] EDIT QuickMeet/static/js/GroupCalendar.js: 1
[2017-03-07 12:54:40] EDIT QuickMeet/static/js/GroupCalendar.js: 0
[2017-03-07 12:55:08] EDIT QuickMeet/static/js/GroupCalendar.js: 0
[2017-03-07 12:56:03] EDIT Quickmeet/controllers/default.py: 0
[2017-03-07 12:56:40] EDIT Quickmeet/controllers/default.py: 0
[2017-03-07 12:57:26] EDIT Quickmeet/controllers/default.py: 0
[2017-03-07 12:58:32] EDIT Quickmeet/controllers/default.py: 0
[2017-03-07 12:58:42] EDIT QuickMeet/static/js/GroupCalendar.js: 0
[2017-03-07 12:59:08] EDIT Quickmeet/controllers/default.py: 0
[2017-03-07 13:00:28] EDIT QuickMeet/static/js/GroupCalendar.js: -1
[2017-03-07 13:04:25] EDIT QuickMeet/static/js/CoordinateTracker.js: 0
[2017-03-07 13:04:30] EDIT QuickMeet/static/js/CoordinateTracker.js: 0
[2017-03-07 13:05:12] EDIT QuickMeet/static/js/CoordinateTracker.js: 0
[2017-03-07 13:06:06] EDIT QuickMeet/static/js/GroupCalendar.js: 0
[2017-03-07 13:06:26] EDIT QuickMeet/static/js/GroupCalendar.js: 0
[2017-03-07 13:06:35] EDIT QuickMeet/static/js/GroupCalendar.js: 0
[2017-03-07 13:06:58] EDIT QuickMeet/static/js/GroupCalendar.js: 0
[2017-03-07 13:07:32] EDIT QuickMeet/static/js/GroupCalendar.js: 0
[2017-03-07 13:07:47] EDIT QuickMeet/static/js/GroupCalendar.js: 0
[2017-03-07 13:07:58] EDIT Quickmeet/controllers/default.py: 0
[2017-03-07 13:10:03] EDIT QuickMeet/static/js/GroupCalendar.js: 0
[2017-03-07 13:10:29] EDIT Quickmeet/controllers/default.py: 0
[2017-03-07 13:10:57] EDIT Quickmeet/controllers/default.py: 0
[2017-03-07 13:11:16] EDIT Quickmeet/controllers/default.py: 0
[2017-03-07 13:11:46] EDIT Quickmeet/controllers/default.py: 0
[2017-03-07 13:12:00] EDIT Quickmeet/controllers/default.py: 0
[2017-03-07 13:12:24] EDIT Quickmeet/controllers/default.py: 0
[2017-03-07 13:12:54] EDIT QuickMeet/static/js/GroupCalendar.js: 0
[2017-03-07 13:13:33] EDIT QuickMeet/static/js/GroupCalendar.js: 0
[2017-03-07 13:13:52] EDIT Quickmeet/controllers/default.py: 0
[2017-03-07 13:15:46] EDIT QuickMeet/static/js/GroupCalendar.js: 0
[2017-03-07 13:16:05] EDIT QuickMeet/static/js/GroupCalendar.js: 0
[2017-03-07 13:16:17] EDIT QuickMeet/static/js/GroupCalendar.js: 0
[2017-03-07 14:48:20] EDIT QuickMeet/controllers/default.py: 0
[2017-03-07 14:49:17] EDIT QuickMeet/static/js/GroupCalendar.js: 0
[2017-03-07 14:51:42] EDIT QuickMeet/static/js/GroupCalendar.js: 0
[2017-03-07 14:53:20] EDIT QuickMeet/static/js/GroupCalendar.js: 0
[2017-03-07 14:53:45] EDIT QuickMeet/static/js/GroupCalendar.js: 0
[2017-03-07 14:53:54] EDIT QuickMeet/static/js/GroupCalendar.js: 0
[2017-03-07 14:58:22] EDIT QuickMeet/controllers/default.py: 3
[2017-03-07 14:59:15] EDIT QuickMeet/controllers/default.py: 0
[2017-03-07 14:59:20] EDIT QuickMeet/controllers/default.py: 0
[2017-03-07 14:59:25] EDIT QuickMeet/controllers/default.py: 0
[2017-03-07 15:00:01] EDIT QuickMeet/controllers/default.py: 0
[2017-03-07 15:00:28] EDIT QuickMeet/static/js/GroupCalendar.js: 0
[2017-03-07 15:02:34] EDIT QuickMeet/controllers/default.py: 0
[2017-03-07 15:04:19] EDIT QuickMeet/controllers/default.py: 2
[2017-03-07 15:04:27] EDIT QuickMeet/controllers/default.py: 0
[2017-03-07 15:04:50] EDIT QuickMeet/controllers/default.py: 0
[2017-03-07 15:05:13] EDIT QuickMeet/controllers/default.py: 0
[2017-03-07 15:06:57] EDIT QuickMeet/controllers/default.py: 0
[2017-03-07 15:07:40] EDIT QuickMeet/controllers/default.py: 0
[2017-03-07 15:18:00] EDIT QuickMeet/views/default/group.html: 2
[2017-03-07 15:18:27] EDIT QuickMeet/views/default/group.html: 0
[2017-03-07 15:19:39] EDIT QuickMeet/static/js/GroupCalendar.js: 1
[2017-03-07 15:20:08] EDIT QuickMeet/static/js/GroupCalendar.js: 1
[2017-03-07 15:24:49] EDIT QuickMeet/static/js/GroupCalendar.js: 24
[2017-03-07 15:24:57] EDIT QuickMeet/views/default/group.html: 0
[2017-03-07 15:26:37] EDIT QuickMeet/static/js/GroupCalendar.js: 1
[2017-03-07 15:27:29] EDIT QuickMeet/static/js/GroupCalendar.js: 0
[2017-03-07 15:27:37] EDIT QuickMeet/static/js/GroupCalendar.js: 0
[2017-03-07 15:28:02] EDIT QuickMeet/static/js/GroupCalendar.js: 0
[2017-03-07 15:29:20] EDIT QuickMeet/static/js/GroupCalendar.js: 0
[2017-03-07 15:30:04] EDIT QuickMeet/static/js/GroupCalendar.js: 0
[2017-03-07 15:31:01] EDIT QuickMeet/controllers/default.py: 1
[2017-03-07 15:34:27] EDIT QuickMeet/static/js/GroupCalendar.js: 0
[2017-03-07 15:35:33] EDIT QuickMeet/static/js/GroupCalendar.js: 0
[2017-03-07 15:35:36] EDIT QuickMeet/static/js/GroupCalendar.js: 0
[2017-03-07 15:37:09] EDIT QuickMeet/static/js/GroupCalendar.js: 0
[2017-03-07 15:46:59] EDIT QuickMeet/static/js/GroupCalendar.js: 0
[2017-03-07 15:47:07] EDIT QuickMeet/static/js/GroupCalendar.js: 0
[2017-03-07 15:49:24] EDIT QuickMeet/static/js/GroupCalendar.js: 0
[2017-03-07 15:49:57] EDIT QuickMeet/static/js/GroupCalendar.js: 0
[2017-03-07 15:51:39] EDIT QuickMeet/static/js/GroupCalendar.js: 0
[2017-03-07 15:52:19] EDIT QuickMeet/static/js/GroupCalendar.js: 0
[2017-03-07 15:52:55] EDIT QuickMeet/static/js/GroupCalendar.js: 0
[2017-03-07 15:53:55] EDIT QuickMeet/static/js/GroupCalendar.js: 0
[2017-03-07 15:55:07] EDIT QuickMeet/static/js/GroupCalendar.js: 0
[2017-03-07 15:55:28] EDIT QuickMeet/static/js/GroupCalendar.js: 0
[2017-03-07 15:57:32] EDIT QuickMeet/static/js/GroupCalendar.js: 0
[2017-03-07 15:59:52] EDIT QuickMeet/controllers/default.py: 0
[2017-03-07 16:01:30] EDIT QuickMeet/static/js/GroupCalendar.js: 0
[2017-03-07 16:03:23] EDIT QuickMeet/controllers/default.py: -1
[2017-03-07 16:04:57] EDIT QuickMeet/static/js/GroupCalendar.js: 0
[2017-03-07 16:05:06] EDIT QuickMeet/static/js/GroupCalendar.js: 0
[2017-03-07 16:05:08] EDIT QuickMeet/static/js/GroupCalendar.js: 0
[2017-03-07 16:05:22] EDIT QuickMeet/static/js/GroupCalendar.js: 0
[2017-03-07 16:05:46] EDIT QuickMeet/controllers/default.py: 0
[2017-03-07 16:09:30] EDIT QuickMeet/static/js/GroupCalendar.js: 0
[2017-03-07 16:10:42] EDIT QuickMeet/static/js/GroupCalendar.js: 0
[2017-03-07 16:11:11] EDIT QuickMeet/static/js/GroupCalendar.js: 0
[2017-03-07 16:11:36] EDIT QuickMeet/controllers/default.py: 0
[2017-03-07 16:12:26] EDIT QuickMeet/static/js/GroupCalendar.js: 0
[2017-03-07 16:14:25] EDIT QuickMeet/static/js/GroupCalendar.js: 0
[2017-03-07 16:20:34] EDIT QuickMeet/static/js/GroupCalendar.js: 0
[2017-03-07 16:23:06] EDIT QuickMeet/static/js/GroupCalendar.js: 0
[2017-03-07 16:28:02] EDIT QuickMeet/static/js/GroupCalendar.js: 0
[2017-03-07 16:28:20] EDIT QuickMeet/static/js/GroupCalendar.js: 0
[2017-03-07 16:28:42] EDIT QuickMeet/static/js/GroupCalendar.js: 0
[2017-03-07 16:29:06] EDIT QuickMeet/static/js/GroupCalendar.js: 0
[2017-03-07 16:36:04] EDIT QuickMeet/static/js/GroupCalendar.js: 0
[2017-03-07 16:38:14] EDIT QuickMeet/static/js/GroupCalendar.js: 0
[2017-03-07 16:39:06] EDIT QuickMeet/controllers/default.py: 1
[2017-03-07 16:40:12] EDIT QuickMeet/static/js/GroupCalendar.js: 0
[2017-03-07 16:42:25] EDIT QuickMeet/controllers/default.py: 0
[2017-03-07 16:42:59] EDIT QuickMeet/controllers/default.py: 0
[2017-03-07 16:43:49] EDIT QuickMeet/controllers/default.py: 0
[2017-03-07 16:50:53] EDIT QuickMeet/static/js/GroupCalendar.js: 0
[2017-03-07 22:35:12] EDIT QuickMeet/controllers/default.py: 1
[2017-03-07 22:35:54] EDIT QuickMeet/controllers/default.py: 1
[2017-03-07 23:38:24] EDIT QuickMeet/controllers/default.py: -2
[2017-03-07 23:39:29] EDIT QuickMeet/controllers/default.py: 1
[2017-03-07 23:41:50] EDIT QuickMeet/controllers/default.py: 0
[2017-03-07 23:42:43] EDIT QuickMeet/controllers/default.py: 0
[2017-03-07 23:43:25] EDIT QuickMeet/controllers/default.py: 0
[2017-03-07 23:44:40] EDIT QuickMeet/controllers/default.py: 0
[2017-03-07 23:45:24] EDIT QuickMeet/controllers/default.py: 1
[2017-03-07 23:48:03] EDIT QuickMeet/controllers/default.py: 0
[2017-03-07 23:50:08] EDIT QuickMeet/controllers/default.py: 0
[2017-03-07 23:50:44] EDIT QuickMeet/controllers/default.py: 0
[2017-03-07 23:51:54] EDIT QuickMeet/controllers/default.py: 0
[2017-03-07 23:52:35] EDIT QuickMeet/controllers/default.py: 0
[2017-03-07 23:53:40] EDIT QuickMeet/controllers/default.py: 0
[2017-03-07 23:55:01] EDIT QuickMeet/controllers/default.py: 0
[2017-03-07 23:57:11] EDIT QuickMeet/controllers/default.py: 0
[2017-03-07 23:58:07] EDIT QuickMeet/controllers/default.py: 0
[2017-03-07 23:58:42] EDIT QuickMeet/controllers/default.py: 0
[2017-03-07 23:59:07] EDIT QuickMeet/controllers/default.py: 0
[2017-03-07 23:59:23] EDIT QuickMeet/controllers/default.py: 0
[2017-03-08 00:01:11] EDIT QuickMeet/controllers/default.py: 0
[2017-03-08 00:02:31] EDIT QuickMeet/controllers/default.py: 0
[2017-03-08 00:03:53] EDIT QuickMeet/controllers/default.py: 0
[2017-03-08 00:16:13] EDIT QuickMeet/controllers/default.py: 0
[2017-03-08 00:17:00] EDIT QuickMeet/controllers/default.py: 0
[2017-03-08 00:18:31] EDIT QuickMeet/controllers/default.py: -2
[2017-03-08 00:20:34] EDIT Quickmeet/static/js/GroupCalendar.js: 0
[2017-03-08 00:21:29] EDIT Quickmeet/static/js/GroupCalendar.js: 0
[2017-03-08 00:22:48] EDIT Quickmeet/static/js/GroupCalendar.js: 3
[2017-03-08 00:24:49] EDIT Quickmeet/static/js/GroupCalendar.js: 0
[2017-03-08 00:26:15] EDIT Quickmeet/static/js/GroupCalendar.js: 0
[2017-03-08 00:28:45] EDIT Quickmeet/static/js/GroupCalendar.js: -2
[2017-03-08 00:28:46] EDIT Quickmeet/static/js/GroupCalendar.js: 0
[2017-03-08 00:31:23] EDIT Quickmeet/static/js/GroupCalendar.js: 2
[2017-03-08 00:31:43] EDIT Quickmeet/static/js/GroupCalendar.js: -1
[2017-03-08 00:31:45] EDIT Quickmeet/static/js/GroupCalendar.js: 0
[2017-03-08 00:31:56] EDIT Quickmeet/static/js/GroupCalendar.js: 0
[2017-03-08 00:32:40] EDIT Quickmeet/static/js/GroupCalendar.js: 2
[2017-03-08 00:33:06] EDIT Quickmeet/static/js/GroupCalendar.js: 0
[2017-03-08 00:35:57] EDIT Quickmeet/static/js/GroupCalendar.js: 0
[2017-03-08 00:35:59] EDIT QuickMeet/controllers/default.py: 0
[2017-03-08 08:30:06] EDIT QuickMeet/controllers/default.py: 1
[2017-03-08 08:30:22] EDIT QuickMeet/controllers/default.py: 0
[2017-03-08 08:30:32] EDIT QuickMeet/controllers/default.py: 0
[2017-03-08 08:43:11] EDIT QuickMeet/controllers/default.py: 5
[2017-03-08 08:46:25] EDIT QuickMeet/controllers/default.py: 0
[2017-03-08 08:46:56] EDIT QuickMeet/controllers/default.py: 1
[2017-03-08 09:12:46] EDIT QuickMeet/controllers/default.py: 0
[2017-03-08 09:13:43] EDIT QuickMeet/controllers/default.py: 0
[2017-03-08 09:17:16] EDIT QuickMeet/controllers/default.py: 0
[2017-03-08 09:20:54] EDIT QuickMeet/controllers/default.py: 1
[2017-03-08 10:16:26] EDIT QuickMeet/controllers/default.py: 0
[2017-03-08 10:20:51] EDIT QuickMeet/controllers/default.py: -1
[2017-03-08 10:20:51] EDIT QuickMeet/controllers/default.py: 0
[2017-03-08 10:21:01] EDIT QuickMeet/controllers/default.py: 1
[2017-03-08 10:27:59] EDIT QuickMeet/controllers/default.py: 0
[2017-03-08 10:28:08] EDIT QuickMeet/controllers/default.py: 0
[2017-03-08 10:32:10] EDIT QuickMeet/controllers/default.py: 3
[2017-03-08 10:33:12] EDIT QuickMeet/controllers/default.py: 0
[2017-03-08 10:33:19] EDIT QuickMeet/controllers/default.py: 0
[2017-03-08 10:33:48] EDIT QuickMeet/controllers/default.py: 1
[2017-03-08 10:38:36] EDIT QuickMeet/controllers/default.py: 0
[2017-03-08 10:41:39] EDIT QuickMeet/controllers/default.py: 0
[2017-03-08 10:44:28] EDIT QuickMeet/controllers/default.py: 0
[2017-03-08 10:44:33] EDIT QuickMeet/controllers/default.py: 0
[2017-03-08 10:46:30] EDIT QuickMeet/controllers/default.py: 0
[2017-03-08 10:47:31] EDIT QuickMeet/controllers/default.py: 0
[2017-03-08 10:51:27] EDIT QuickMeet/controllers/default.py: 0
[2017-03-08 10:53:59] EDIT QuickMeet/controllers/default.py: 1
[2017-03-08 10:54:38] EDIT QuickMeet/controllers/default.py: 0
[2017-03-08 10:55:53] EDIT QuickMeet/controllers/default.py: -1
[2017-03-08 11:07:43] EDIT QuickMeet/controllers/default.py: 0
[2017-03-08 11:07:59] EDIT QuickMeet/controllers/default.py: 0
[2017-03-08 11:08:30] EDIT QuickMeet/controllers/default.py: 0
[2017-03-08 14:59:25] EDIT QuickMeet/controllers/default.py: 1
[2017-03-08 15:01:14] EDIT QuickMeet/controllers/default.py: 0
[2017-03-08 15:03:00] EDIT QuickMeet/controllers/default.py: 1
[2017-03-08 15:03:26] EDIT QuickMeet/controllers/default.py: 0
[2017-03-08 15:05:06] EDIT QuickMeet/controllers/default.py: 0
[2017-03-08 15:05:32] EDIT QuickMeet/controllers/default.py: 0
[2017-03-08 15:05:33] EDIT QuickMeet/controllers/default.py: 0
[2017-03-08 15:06:59] EDIT QuickMeet/controllers/default.py: 1
[2017-03-08 15:09:00] EDIT QuickMeet/controllers/default.py: 1
[2017-03-08 15:10:29] EDIT QuickMeet/controllers/default.py: -3
[2017-03-08 15:17:35] EDIT QuickMeet/controllers/default.py: 10
[2017-03-08 15:19:05] EDIT QuickMeet/controllers/default.py: 1
[2017-03-08 15:20:44] EDIT QuickMeet/controllers/default.py: 1
[2017-03-08 15:22:00] EDIT QuickMeet/controllers/default.py: 0
[2017-03-08 15:23:50] EDIT QuickMeet/controllers/default.py: 0
[2017-03-08 15:24:06] EDIT QuickMeet/controllers/default.py: 0
[2017-03-08 15:27:37] EDIT QuickMeet/controllers/default.py: 0
[2017-03-08 15:28:10] EDIT QuickMeet/controllers/default.py: 0
[2017-03-08 15:28:11] EDIT QuickMeet/controllers/default.py: 0
[2017-03-08 15:28:13] EDIT QuickMeet/controllers/default.py: 0
[2017-03-08 15:29:23] EDIT QuickMeet/controllers/default.py: 0
[2017-03-08 15:30:02] EDIT QuickMeet/controllers/default.py: 0
[2017-03-08 15:30:25] EDIT QuickMeet/controllers/default.py: 0
[2017-03-08 15:31:02] EDIT QuickMeet/controllers/default.py: 0
[2017-03-08 15:31:04] EDIT QuickMeet/controllers/default.py: 0
[2017-03-08 15:36:40] EDIT QuickMeet/controllers/default.py: 1
[2017-03-08 15:36:47] EDIT QuickMeet/controllers/default.py: 0
[2017-03-08 15:38:04] EDIT QuickMeet/controllers/default.py: -1
[2017-03-08 15:38:43] EDIT QuickMeet/controllers/default.py: 1
[2017-03-08 15:39:24] EDIT QuickMeet/controllers/default.py: 0
[2017-03-09 15:20:47] EDIT QuickMeet/controllers/default.py: 0
[2017-03-09 15:22:01] EDIT QuickMeet/controllers/default.py: 1
[2017-03-09 15:23:12] EDIT QuickMeet/controllers/default.py: -1
[2017-03-09 15:23:30] EDIT QuickMeet/controllers/default.py: 0
[2017-03-09 15:24:14] EDIT QuickMeet/controllers/default.py: 1
[2017-03-09 15:28:16] EDIT QuickMeet/controllers/default.py: 0
[2017-03-09 15:43:14] EDIT QuickMeet/controllers/default.py: 0
[2017-03-09 15:43:38] EDIT QuickMeet/controllers/default.py: 0
[2017-03-09 15:44:29] EDIT QuickMeet/controllers/default.py: 1
[2017-03-09 15:45:05] EDIT QuickMeet/controllers/default.py: -2
[2017-03-09 15:45:48] EDIT QuickMeet/controllers/default.py: 1
[2017-03-09 15:49:00] EDIT QuickMeet/controllers/default.py: 0
[2017-03-09 15:53:48] EDIT QuickMeet/controllers/default.py: -3
[2017-03-09 15:56:23] EDIT QuickMeet/controllers/default.py: 2
[2017-03-09 15:57:11] EDIT QuickMeet/controllers/default.py: 1
[2017-03-09 15:58:15] EDIT QuickMeet/controllers/default.py: 0
[2017-03-09 15:59:10] EDIT QuickMeet/controllers/default.py: 1
[2017-03-09 15:59:21] EDIT QuickMeet/controllers/default.py: 0
[2017-03-09 15:59:39] EDIT QuickMeet/controllers/default.py: -1
[2017-03-09 16:01:23] EDIT QuickMeet/controllers/default.py: 0
[2017-03-09 16:07:31] EDIT QuickMeet/controllers/default.py: 0
[2017-03-09 16:07:52] EDIT QuickMeet/controllers/default.py: 0
[2017-03-09 16:12:43] EDIT QuickMeet/controllers/default.py: 1
[2017-03-09 16:16:19] EDIT QuickMeet/controllers/default.py: 0
[2017-03-09 16:17:20] EDIT QuickMeet/controllers/default.py: 1
[2017-03-09 16:17:26] EDIT QuickMeet/controllers/default.py: 0
[2017-03-09 16:17:51] EDIT QuickMeet/controllers/default.py: -1
[2017-03-09 16:19:02] EDIT QuickMeet/controllers/default.py: -1
[2017-03-09 16:20:17] EDIT QuickMeet/controllers/default.py: 0
[2017-03-09 16:20:19] EDIT QuickMeet/static/js/CoordinateTracker.js: 0
[2017-03-09 16:20:21] EDIT QuickMeet/static/js/GroupCalendar.js: 0
[2017-03-09 16:38:35] EDIT QuickMeet/static/js/BoxGenerator.js: 0
[2017-03-09 16:38:44] EDIT QuickMeet/static/js/BoxGenerator.js: 0
[2017-03-09 16:38:51] EDIT QuickMeet/static/js/BoxGenerator.js: 0
[2017-03-09 16:39:12] EDIT QuickMeet/static/js/BoxGenerator.js: 0
[2017-03-09 16:39:15] EDIT QuickMeet/static/js/BoxGenerator.js: 0
[2017-03-09 16:39:26] EDIT QuickMeet/static/js/BoxGenerator.js: 0
[2017-03-09 16:39:38] EDIT QuickMeet/static/js/BoxGenerator.js: 0
[2017-03-09 18:00:09] EDIT QuickMeet/static/js/GroupCalendar.js: 0
[2017-03-09 18:01:36] EDIT QuickMeet/static/js/GroupCalendar.js: 0
[2017-03-09 18:03:39] EDIT QuickMeet/static/js/GroupCalendar.js: 0
[2017-03-09 18:04:33] EDIT QuickMeet/static/js/GroupCalendar.js: 0
[2017-03-09 18:04:44] EDIT QuickMeet/static/js/GroupCalendar.js: 0
[2017-03-09 18:04:48] EDIT QuickMeet/static/js/GroupCalendar.js: 0
[2017-03-09 18:05:31] EDIT QuickMeet/static/js/GroupCalendar.js: 0
[2017-03-09 18:06:13] EDIT QuickMeet/static/js/GroupCalendar.js: 0
[2017-03-09 18:06:33] EDIT QuickMeet/static/js/GroupCalendar.js: 0
[2017-03-09 18:06:57] EDIT QuickMeet/static/js/GroupCalendar.js: 0
[2017-03-09 18:07:02] EDIT QuickMeet/static/js/GroupCalendar.js: 0
[2017-03-09 18:07:37] EDIT QuickMeet/static/js/GroupCalendar.js: 0
[2017-03-09 18:11:34] EDIT QuickMeet/static/js/GroupCalendar.js: 19
[2017-03-09 18:13:47] EDIT QuickMeet/static/js/GroupCalendar.js: 3
[2017-03-09 18:13:50] EDIT QuickMeet/static/js/GroupCalendar.js: 0
[2017-03-09 18:17:13] EDIT QuickMeet/static/js/GroupCalendar.js: 0
[2017-03-09 18:20:47] EDIT QuickMeet/views/default/group.html: 1
[2017-03-09 18:31:34] EDIT QuickMeet/static/js/GroupCalendar.js: 2
[2017-03-09 18:32:41] EDIT QuickMeet/static/js/GroupCalendar.js: 0
[2017-03-09 18:33:49] EDIT QuickMeet/static/js/GroupCalendar.js: 1
[2017-03-09 18:36:05] EDIT QuickMeet/static/js/GroupCalendar.js: 0
[2017-03-09 18:37:41] EDIT QuickMeet/static/js/GroupCalendar.js: 0
[2017-03-09 18:40:06] EDIT QuickMeet/static/js/GroupCalendar.js: 0
[2017-03-09 18:41:08] EDIT QuickMeet/static/js/GroupCalendar.js: 0
[2017-03-09 18:42:16] EDIT QuickMeet/static/js/GroupCalendar.js: 1
[2017-03-09 18:42:51] EDIT QuickMeet/static/js/GroupCalendar.js: 0
[2017-03-09 18:43:05] EDIT QuickMeet/static/js/GroupCalendar.js: 0
[2017-03-09 18:43:07] EDIT QuickMeet/static/js/GroupCalendar.js: 0
[2017-03-09 18:44:03] EDIT QuickMeet/static/js/GroupCalendar.js: 0
[2017-03-09 18:45:45] EDIT QuickMeet/static/js/GroupCalendar.js: -3
[2017-03-09 18:46:53] EDIT QuickMeet/static/js/GroupCalendar.js: 0
[2017-03-09 18:55:06] EDIT QuickMeet/controllers/default.py: -1
[2017-03-09 18:55:33] EDIT QuickMeet/controllers/default.py: 0
[2017-03-09 18:55:39] EDIT QuickMeet/controllers/default.py: 0
[2017-03-09 18:56:06] EDIT QuickMeet/controllers/default.py: 0
[2017-03-10 08:16:17] EDIT QuickMeet/views/default/group.html: 7
[2017-03-10 08:16:33] EDIT QuickMeet/views/default/group.html: 0
[2017-03-10 08:18:58] EDIT QuickMeet/views/default/group.html: 0
[2017-03-10 08:19:46] EDIT QuickMeet/views/default/group.html: 0
[2017-03-10 08:19:53] EDIT QuickMeet/views/default/group.html: 0
[2017-03-10 08:20:14] EDIT QuickMeet/views/default/group.html: 0
[2017-03-10 08:20:59] EDIT QuickMeet/views/default/group.html: 1
[2017-03-10 08:21:43] EDIT QuickMeet/views/default/group.html: 0
[2017-03-10 08:30:28] EDIT QuickMeet/static/js/GroupCalendar.js: 5
[2017-03-10 08:31:04] EDIT QuickMeet/static/js/GroupCalendar.js: 0
[2017-03-10 08:31:18] EDIT QuickMeet/static/js/GroupCalendar.js: 0
[2017-03-10 08:31:23] EDIT QuickMeet/static/js/GroupCalendar.js: 0
[2017-03-10 08:31:58] EDIT QuickMeet/static/js/GroupCalendar.js: 1
[2017-03-10 08:36:31] EDIT QuickMeet/static/js/GroupCalendar.js: 3
[2017-03-10 08:37:23] EDIT QuickMeet/static/js/GroupCalendar.js: 0
[2017-03-10 08:38:26] EDIT QuickMeet/static/js/GroupCalendar.js: 3
[2017-03-10 08:38:38] EDIT QuickMeet/static/js/GroupCalendar.js: 1
[2017-03-10 08:39:23] EDIT QuickMeet/static/js/GroupCalendar.js: 2
[2017-03-10 08:41:46] EDIT QuickMeet/views/default/group.html: -5
[2017-03-10 08:42:18] EDIT QuickMeet/views/default/group.html: 0
[2017-03-10 08:42:46] EDIT QuickMeet/static/js/GroupCalendar.js: 1
[2017-03-10 08:43:07] EDIT QuickMeet/static/js/GroupCalendar.js: 1
[2017-03-10 08:43:22] EDIT QuickMeet/views/default/group.html: 0
[2017-03-10 08:43:56] EDIT QuickMeet/static/js/GroupCalendar.js: 0
[2017-03-10 08:45:18] EDIT QuickMeet/static/js/GroupCalendar.js: 2
[2017-03-10 08:48:07] EDIT QuickMeet/static/css/calendar.css: 2
[2017-03-10 08:48:16] EDIT QuickMeet/static/css/calendar.css: 0
[2017-03-10 08:48:32] EDIT QuickMeet/static/css/calendar.css: 0
[2017-03-10 08:49:42] EDIT QuickMeet/static/css/calendar.css: 1
[2017-03-10 08:50:51] EDIT QuickMeet/static/css/calendar.css: -1
[2017-03-10 08:50:58] EDIT QuickMeet/static/css/calendar.css: 0
[2017-03-10 08:51:09] EDIT QuickMeet/static/css/calendar.css: -1
[2017-03-10 08:51:56] EDIT QuickMeet/static/css/calendar.css: 1
[2017-03-10 08:52:06] EDIT QuickMeet/static/css/calendar.css: 0
[2017-03-10 08:52:29] EDIT QuickMeet/static/css/calendar.css: 0
[2017-03-10 08:52:39] EDIT QuickMeet/static/css/calendar.css: 0
[2017-03-10 08:53:40] EDIT QuickMeet/static/css/calendar.css: 2
[2017-03-10 08:54:04] EDIT QuickMeet/static/css/calendar.css: 1
[2017-03-10 08:54:20] EDIT QuickMeet/static/css/calendar.css: 1
[2017-03-10 08:54:32] EDIT QuickMeet/static/css/calendar.css: 1
[2017-03-10 08:55:06] EDIT QuickMeet/static/css/calendar.css: 0
[2017-03-10 08:55:15] EDIT QuickMeet/static/css/calendar.css: 0
[2017-03-10 08:57:20] EDIT QuickMeet/static/css/calendar.css: 1
[2017-03-10 08:57:28] EDIT QuickMeet/static/css/calendar.css: -1
[2017-03-10 08:58:52] EDIT QuickMeet/static/css/calendar.css: 1
[2017-03-10 09:22:39] EDIT QuickMeet/static/js/GroupCalendar.js: 2
[2017-03-10 09:23:33] EDIT QuickMeet/static/js/GroupCalendar.js: 0
[2017-03-10 09:37:14] EDIT QuickMeet/static/js/GroupCalendar.js: 0
[2017-03-10 09:38:48] EDIT QuickMeet/static/js/GroupCalendar.js: 21
[2017-03-10 09:42:02] EDIT QuickMeet/static/js/GroupCalendar.js: 0
[2017-03-10 09:44:45] EDIT QuickMeet/static/js/GroupCalendar.js: 0
[2017-03-10 09:48:10] EDIT QuickMeet/static/js/GroupCalendar.js: 0
[2017-03-10 09:48:55] EDIT QuickMeet/static/js/GroupCalendar.js: 0
[2017-03-10 09:49:26] EDIT QuickMeet/static/js/GroupCalendar.js: 0
[2017-03-10 09:51:08] EDIT QuickMeet/static/js/GroupCalendar.js: 0
[2017-03-10 09:52:32] EDIT QuickMeet/static/js/GroupCalendar.js: 0
[2017-03-10 09:55:17] EDIT QuickMeet/static/js/GroupCalendar.js: 18
[2017-03-10 09:57:09] EDIT QuickMeet/static/js/GroupCalendar.js: -14
[2017-03-10 09:57:43] EDIT QuickMeet/static/js/GroupCalendar.js: 3
[2017-03-10 09:58:54] EDIT QuickMeet/static/js/GroupCalendar.js: 0
[2017-03-10 10:01:16] EDIT QuickMeet/static/css/calendar.css: 1
[2017-03-10 22:38:22] EDIT QuickMeet/static/js/GroupCalendar.js: 0
[2017-03-10 22:43:07] EDIT QuickMeet/static/css/calendar.css: 3
[2017-03-10 22:43:42] EDIT QuickMeet/static/css/calendar.css: 0
[2017-03-10 22:44:00] EDIT QuickMeet/static/css/calendar.css: 0
[2017-03-10 22:44:12] EDIT QuickMeet/static/css/calendar.css: -1
[2017-03-10 22:46:37] EDIT QuickMeet/static/js/GroupCalendar.js: 0
[2017-03-11 20:25:43] EDIT Quickmeet/static/css/calendar.css: 0
[2017-03-11 20:27:38] EDIT Quickmeet/static/css/calendar.css: 1
[2017-03-11 20:28:02] EDIT Quickmeet/static/css/calendar.css: 1
[2017-03-11 20:28:03] EDIT Quickmeet/static/css/calendar.css: 0
[2017-03-11 20:28:27] EDIT Quickmeet/static/css/calendar.css: 0
[2017-03-11 20:30:09] EDIT Quickmeet/static/js/GroupCalendar.js: 0
[2017-03-11 20:31:24] EDIT Quickmeet/static/js/GroupCalendar.js: 0
[2017-03-11 20:33:01] EDIT QuickMeet/views/default/group.html: 0
[2017-03-11 20:33:56] EDIT QuickMeet/views/default/group.html: 1
[2017-03-15 23:28:49] DELETE QuickMeet/static/BoxGenerator.js: -34
[2017-03-15 23:29:18] EDIT QuickMeet/static/js/CoordinateTracker.js: 0
[2017-03-15 23:29:40] EDIT QuickMeet/static/js/GroupCalendar.js: 0
[2017-03-15 23:30:41] EDIT QuickMeet/static/js/CoordinateTracker.js: 0
[2017-03-16 08:25:54] EDIT QuickMeet/static/js/GroupCalendar.js: 16
[2017-03-16 08:27:02] EDIT QuickMeet/static/js/BoxGenerator.js: 0
[2017-03-16 08:27:23] EDIT QuickMeet/static/js/GroupCalendar.js: 0
[2017-03-16 08:27:33] EDIT QuickMeet/static/js/BoxGenerator.js: 0
[2017-03-16 08:27:54] EDIT QuickMeet/static/js/GroupCalendar.js: 0
[2017-03-16 08:28:20] EDIT QuickMeet/static/js/GroupCalendar.js: 0
[2017-03-16 08:28:26] EDIT QuickMeet/static/js/GroupCalendar.js: 0
[2017-03-16 08:29:26] EDIT QuickMeet/static/js/GroupCalendar.js: 0
[2017-03-16 08:29:52] EDIT QuickMeet/static/js/BoxGenerator.js: 0
[2017-03-16 08:29:53] EDIT QuickMeet/static/js/BoxGenerator.js: 0
[2017-03-16 08:30:53] EDIT QuickMeet/static/js/BoxGenerator.js: 0
[2017-03-16 08:31:48] EDIT QuickMeet/static/js/GroupCalendar.js: 0
[2017-03-16 08:31:49] EDIT QuickMeet/static/js/GroupCalendar.js: 0
[2017-03-16 08:32:46] EDIT QuickMeet/static/js/GroupCalendar.js: 0
[2017-03-16 08:37:20] EDIT QuickMeet/static/js/GroupCalendar.js: -1
[2017-03-16 08:38:11] EDIT QuickMeet/static/js/GroupCalendar.js: 0
[2017-03-16 08:41:03] EDIT QuickMeet/static/js/GroupCalendar.js: 0
[2017-03-16 08:42:06] EDIT QuickMeet/static/js/GroupCalendar.js: -10
[2017-03-16 08:42:10] EDIT QuickMeet/static/js/BoxGenerator.js: 0
[2017-03-17 18:46:02] EDIT QuickMeet/static/js/BoxGenerator.js: 10
[2017-03-17 18:47:29] EDIT QuickMeet/static/js/CoordinateTracker.js: 0
[2017-03-17 18:49:52] EDIT QuickMeet/static/js/GroupCalendar.js: -9
[2017-03-17 18:52:52] EDIT QuickMeet/static/js/GroupCalendar.js: 0
[2017-03-17 18:54:14] EDIT QuickMeet/static/js/BoxGenerator.js: 3
[2017-03-17 18:55:47] EDIT QuickMeet/static/js/GroupCalendar.js: 0
[2017-03-17 18:56:19] EDIT QuickMeet/static/js/GroupCalendar.js: 0
[2017-03-17 18:56:26] EDIT QuickMeet/static/js/BoxGenerator.js: 0
[2017-03-17 18:58:13] EDIT QuickMeet/static/js/BoxGenerator.js: 0
[2017-03-17 18:58:26] EDIT QuickMeet/static/js/BoxGenerator.js: 0
[2017-03-17 18:58:38] EDIT QuickMeet/static/js/BoxGenerator.js: 0
[2017-03-17 18:58:50] EDIT QuickMeet/static/js/BoxGenerator.js: 0
[2017-03-17 18:59:01] EDIT QuickMeet/static/js/BoxGenerator.js: 0
[2017-03-17 18:59:04] EDIT QuickMeet/static/js/BoxGenerator.js: 0
[2017-03-17 18:59:19] EDIT QuickMeet/static/js/BoxGenerator.js: 0
[2017-03-17 18:59:48] EDIT QuickMeet/static/js/BoxGenerator.js: 0
[2017-03-17 18:59:52] EDIT QuickMeet/static/js/BoxGenerator.js: 0
[2017-03-17 19:00:01] EDIT QuickMeet/static/js/GroupCalendar.js: 0
[2017-03-17 21:01:37] EDIT QuickMeet/controllers/default.py: 4
[2017-03-17 21:05:34] EDIT QuickMeet/models/menu.py: -3
[2017-03-17 21:17:14] EDIT QuickMeet/static/js/GroupCalendar.js: 2
[2017-03-17 21:22:54] EDIT QuickMeet/views/default/index.html: 1
[2017-03-17 21:24:00] EDIT QuickMeet/views/default/index.html: -3
[2017-03-17 21:26:08] EDIT QuickMeet/views/default/index.html: 2
[2017-03-17 21:27:34] EDIT QuickMeet/views/default/index.html: -1
[2017-03-17 21:28:23] EDIT QuickMeet/views/default/index.html: -2
[2017-03-17 21:29:51] EDIT QuickMeet/views/default/index.html: 2
[2017-03-17 21:30:57] EDIT QuickMeet/views/default/index.html: -2
[2017-03-17 21:31:37] EDIT QuickMeet/views/default/index.html: 1
[2017-03-17 21:32:05] EDIT QuickMeet/views/default/index.html: 0
[2017-03-17 21:32:24] EDIT QuickMeet/views/default/index.html: -1
[2017-03-17 21:32:38] EDIT QuickMeet/views/default/index.html: 1
[2017-03-17 21:34:19] EDIT QuickMeet/views/default/index.html: 0
[2017-03-17 21:34:44] EDIT QuickMeet/views/default/index.html: 0
[2017-03-17 21:36:01] EDIT QuickMeet/views/default/index.html: 0
[2017-03-17 21:36:27] EDIT QuickMeet/views/default/index.html: 2
[2017-03-17 21:37:15] EDIT QuickMeet/views/default/index.html: 2
[2017-03-17 21:39:41] EDIT QuickMeet/views/default/index.html: -1
[2017-03-17 21:40:41] EDIT QuickMeet/views/default/index.html: -1
[2017-03-17 21:41:08] EDIT QuickMeet/static/css/calendar.css: 3
[2017-03-17 21:41:54] EDIT QuickMeet/static/css/calendar.css: 0
[2017-03-17 21:42:22] EDIT QuickMeet/views/default/index.html: 1
[2017-03-17 21:44:01] EDIT QuickMeet/static/css/calendar.css: 0
[2017-03-17 21:44:34] EDIT QuickMeet/views/default/index.html: -5
[2017-03-17 21:44:59] EDIT QuickMeet/views/default/index.html: 1
[2017-03-17 21:45:31] EDIT QuickMeet/static/css/calendar.css: 1
[2017-03-17 21:45:46] EDIT QuickMeet/views/default/index.html: 0
[2017-03-17 21:46:48] EDIT QuickMeet/views/default/index.html: 0
[2017-03-17 21:47:09] EDIT QuickMeet/static/css/calendar.css: 0
[2017-03-17 21:48:17] EDIT QuickMeet/static/css/calendar.css: 1
[2017-03-17 21:48:51] EDIT QuickMeet/views/default/index.html: 0
[2017-03-17 21:50:49] EDIT QuickMeet/views/default/index.html: -2
[2017-03-17 21:51:15] EDIT QuickMeet/views/default/index.html: -1
[2017-03-17 21:52:07] EDIT QuickMeet/views/default/index.html: 3
[2017-03-17 21:52:23] EDIT QuickMeet/views/default/index.html: -1
[2017-03-17 21:53:00] EDIT QuickMeet/views/default/index.html: 5
[2017-03-17 21:53:34] EDIT QuickMeet/static/css/calendar.css: -3
[2017-03-17 21:54:53] EDIT QuickMeet/views/default/index.html: 1
[2017-03-17 21:55:26] EDIT QuickMeet/views/default/index.html: 1
[2017-03-17 21:56:47] EDIT QuickMeet/views/default/index.html: -3
[2017-03-17 21:57:07] EDIT QuickMeet/views/default/index.html: 1
[2017-03-17 21:57:26] EDIT QuickMeet/views/default/index.html: 0
[2017-03-17 21:57:43] EDIT QuickMeet/views/default/index.html: 0
[2017-03-17 21:58:10] EDIT QuickMeet/views/default/index.html: 0
[2017-03-17 21:58:22] EDIT QuickMeet/static/css/calendar.css: 1
[2017-03-17 21:59:45] EDIT QuickMeet/views/default/index.html: 2
[2017-03-17 22:00:01] EDIT QuickMeet/views/default/index.html: -1
[2017-03-17 22:00:51] EDIT QuickMeet/views/default/index.html: 0
[2017-03-17 22:02:05] EDIT QuickMeet/views/default/index.html: 0
[2017-03-17 22:02:05] EDIT QuickMeet/views/default/index.html: 0
[2017-03-17 22:02:08] EDIT QuickMeet/views/default/index.html: 0
[2017-03-17 22:14:12] EDIT QuickMeet/static/js/GroupCalendar.js: 0
[2017-03-17 22:15:28] EDIT QuickMeet/static/js/GroupCalendar.js: 0
[2017-03-17 22:16:35] EDIT QuickMeet/static/js/GroupCalendar.js: 3
[2017-03-17 22:16:59] EDIT QuickMeet/static/js/GroupCalendar.js: 0
[2017-03-17 22:17:20] EDIT QuickMeet/static/js/GroupCalendar.js: 0
[2017-03-17 22:18:02] EDIT QuickMeet/static/js/GroupCalendar.js: 2
[2017-03-17 22:18:18] EDIT QuickMeet/static/js/GroupCalendar.js: 0
[2017-03-17 22:21:00] EDIT QuickMeet/static/js/GroupCalendar.js: 2
[2017-03-17 22:23:02] EDIT QuickMeet/static/js/GroupCalendar.js: -3
[2017-03-17 22:23:28] EDIT QuickMeet/static/js/GroupCalendar.js: -2
[2017-03-17 22:26:57] EDIT QuickMeet/controllers/default.py: -1
[2017-03-17 22:29:07] EDIT QuickMeet/static/js/undo.js: 0
[2017-03-17 22:30:19] EDIT QuickMeet/views/default/index.html: 0
[2017-03-17 22:31:57] EDIT QuickMeet/static/js/CoordinateTracker.js: 0
[2017-03-17 15:54:53] EDIT QuickMeet/static/js/GroupCalendar.js: 0
[2017-03-17 15:55:29] EDIT QuickMeet/static/js/GroupCalendar.js: 0
[2017-03-17 15:58:07] EDIT QuickMeet/static/js/GroupCalendar.js: 0
[2017-03-17 15:58:24] EDIT QuickMeet/static/js/GroupCalendar.js: 0
[2017-03-17 16:01:51] EDIT QuickMeet/static/js/BoxGenerator.js: 0
[2017-03-17 16:02:06] EDIT QuickMeet/static/js/BoxGenerator.js: 0
[2017-03-17 16:03:05] EDIT QuickMeet/static/js/BoxGenerator.js: 0
[2017-03-17 16:03:30] EDIT QuickMeet/static/js/BoxGenerator.js: 0
[2017-03-17 16:04:14] EDIT QuickMeet/static/js/BoxGenerator.js: 0
